{"/Users/brennan/Documents/Codesmith/group-scratch/find-a-roommate/server/server.js": {"path":"/Users/brennan/Documents/Codesmith/group-scratch/find-a-roommate/server/server.js","statementMap":{"0":{"start":{"line":2,"column":16},"end":{"line":2,"column":34}},"1":{"start":{"line":3,"column":13},"end":{"line":3,"column":28}},"2":{"start":{"line":4,"column":23},"end":{"line":4,"column":49}},"3":{"start":{"line":5,"column":21},"end":{"line":5,"column":45}},"4":{"start":{"line":6,"column":17},"end":{"line":6,"column":36}},"5":{"start":{"line":7,"column":13},"end":{"line":7,"column":28}},"6":{"start":{"line":8,"column":0},"end":{"line":8,"column":26}},"7":{"start":{"line":10,"column":12},"end":{"line":10,"column":21}},"8":{"start":{"line":11,"column":13},"end":{"line":11,"column":37}},"9":{"start":{"line":13,"column":0},"end":{"line":13,"column":24}},"10":{"start":{"line":14,"column":0},"end":{"line":14,"column":16}},"11":{"start":{"line":15,"column":0},"end":{"line":15,"column":24}},"12":{"start":{"line":16,"column":0},"end":{"line":16,"column":46}},"13":{"start":{"line":19,"column":19},"end":{"line":19,"column":49}},"14":{"start":{"line":20,"column":0},"end":{"line":20,"column":25}},"15":{"start":{"line":26,"column":0},"end":{"line":26,"column":95}},"16":{"start":{"line":26,"column":27},"end":{"line":26,"column":93}},"17":{"start":{"line":30,"column":0},"end":{"line":35,"column":3}},"18":{"start":{"line":37,"column":0},"end":{"line":37,"column":38}},"19":{"start":{"line":39,"column":0},"end":{"line":39,"column":31}},"20":{"start":{"line":40,"column":0},"end":{"line":40,"column":28}},"21":{"start":{"line":42,"column":0},"end":{"line":42,"column":86}},"22":{"start":{"line":44,"column":0},"end":{"line":46,"column":2}},"23":{"start":{"line":45,"column":4},"end":{"line":45,"column":22}},"24":{"start":{"line":51,"column":17},"end":{"line":51,"column":36}},"25":{"start":{"line":52,"column":12},"end":{"line":52,"column":33}},"26":{"start":{"line":53,"column":0},"end":{"line":63,"column":32}},"27":{"start":{"line":59,"column":8},"end":{"line":59,"column":58}},"28":{"start":{"line":62,"column":8},"end":{"line":62,"column":53}},"29":{"start":{"line":63,"column":8},"end":{"line":63,"column":29}},"30":{"start":{"line":68,"column":0},"end":{"line":68,"column":43}},"31":{"start":{"line":68,"column":22},"end":{"line":68,"column":41}},"32":{"start":{"line":71,"column":0},"end":{"line":80,"column":5}},"33":{"start":{"line":72,"column":23},"end":{"line":76,"column":5}},"34":{"start":{"line":77,"column":21},"end":{"line":77,"column":55}},"35":{"start":{"line":78,"column":4},"end":{"line":78,"column":30}},"36":{"start":{"line":79,"column":4},"end":{"line":79,"column":62}},"37":{"start":{"line":82,"column":0},"end":{"line":84,"column":2}},"38":{"start":{"line":83,"column":4},"end":{"line":83,"column":53}},"39":{"start":{"line":86,"column":0},"end":{"line":86,"column":20}}},"fnMap":{"0":{"name":"(anonymous_0)","decl":{"start":{"line":26,"column":13},"end":{"line":26,"column":14}},"loc":{"start":{"line":26,"column":27},"end":{"line":26,"column":93}},"line":26},"1":{"name":"(anonymous_1)","decl":{"start":{"line":44,"column":95},"end":{"line":44,"column":96}},"loc":{"start":{"line":44,"column":109},"end":{"line":46,"column":1}},"line":44},"2":{"name":"(anonymous_2)","decl":{"start":{"line":58,"column":10},"end":{"line":58,"column":11}},"loc":{"start":{"line":58,"column":16},"end":{"line":60,"column":9}},"line":58},"3":{"name":"(anonymous_3)","decl":{"start":{"line":61,"column":11},"end":{"line":61,"column":12}},"loc":{"start":{"line":61,"column":22},"end":{"line":63,"column":30}},"line":61},"4":{"name":"(anonymous_4)","decl":{"start":{"line":68,"column":8},"end":{"line":68,"column":9}},"loc":{"start":{"line":68,"column":22},"end":{"line":68,"column":41}},"line":68},"5":{"name":"(anonymous_5)","decl":{"start":{"line":71,"column":8},"end":{"line":71,"column":9}},"loc":{"start":{"line":71,"column":33},"end":{"line":80,"column":3}},"line":71},"6":{"name":"(anonymous_6)","decl":{"start":{"line":82,"column":16},"end":{"line":82,"column":17}},"loc":{"start":{"line":82,"column":22},"end":{"line":84,"column":1}},"line":82}},"branchMap":{"0":{"loc":{"start":{"line":11,"column":13},"end":{"line":11,"column":37}},"type":"binary-expr","locations":[{"start":{"line":11,"column":13},"end":{"line":11,"column":29}},{"start":{"line":11,"column":33},"end":{"line":11,"column":37}}],"line":11}},"s":{"0":1,"1":1,"2":1,"3":1,"4":1,"5":1,"6":1,"7":1,"8":1,"9":1,"10":1,"11":1,"12":1,"13":1,"14":1,"15":1,"16":1,"17":1,"18":1,"19":1,"20":1,"21":1,"22":1,"23":0,"24":1,"25":1,"26":1,"27":1,"28":0,"29":0,"30":1,"31":1,"32":1,"33":0,"34":0,"35":0,"36":0,"37":1,"38":1,"39":1},"f":{"0":1,"1":0,"2":1,"3":0,"4":1,"5":0,"6":1},"b":{"0":[1,1]},"_coverageSchema":"1a1c01bbd47fc00a2c39e90264f33305004495a9","hash":"eef4b72e363f8bfe8da9901379fb3f9264ba1e2d"}
,"/Users/brennan/Documents/Codesmith/group-scratch/find-a-roommate/server/config/passport.js": {"path":"/Users/brennan/Documents/Codesmith/group-scratch/find-a-roommate/server/config/passport.js","statementMap":{"0":{"start":{"line":1,"column":0},"end":{"line":1,"column":27}},"1":{"start":{"line":2,"column":0},"end":{"line":2,"column":60}},"2":{"start":{"line":5,"column":4},"end":{"line":12,"column":7}},"3":{"start":{"line":11,"column":8},"end":{"line":11,"column":29}},"4":{"start":{"line":14,"column":4},"end":{"line":16,"column":6}},"5":{"start":{"line":15,"column":8},"end":{"line":15,"column":28}},"6":{"start":{"line":18,"column":4},"end":{"line":20,"column":6}},"7":{"start":{"line":19,"column":8},"end":{"line":19,"column":57}},"8":{"start":{"line":19,"column":41},"end":{"line":19,"column":56}},"9":{"start":{"line":23,"column":0},"end":{"line":23,"column":28}}},"fnMap":{"0":{"name":"googleAuth","decl":{"start":{"line":4,"column":9},"end":{"line":4,"column":19}},"loc":{"start":{"line":4,"column":30},"end":{"line":21,"column":1}},"line":4},"1":{"name":"(anonymous_1)","decl":{"start":{"line":10,"column":4},"end":{"line":10,"column":5}},"loc":{"start":{"line":10,"column":55},"end":{"line":12,"column":5}},"line":10},"2":{"name":"(anonymous_2)","decl":{"start":{"line":14,"column":27},"end":{"line":14,"column":28}},"loc":{"start":{"line":14,"column":43},"end":{"line":16,"column":5}},"line":14},"3":{"name":"(anonymous_3)","decl":{"start":{"line":18,"column":29},"end":{"line":18,"column":30}},"loc":{"start":{"line":18,"column":43},"end":{"line":20,"column":5}},"line":18},"4":{"name":"(anonymous_4)","decl":{"start":{"line":19,"column":26},"end":{"line":19,"column":27}},"loc":{"start":{"line":19,"column":41},"end":{"line":19,"column":56}},"line":19}},"branchMap":{},"s":{"0":1,"1":1,"2":1,"3":0,"4":1,"5":0,"6":1,"7":0,"8":0,"9":1},"f":{"0":1,"1":0,"2":0,"3":0,"4":0},"b":{},"_coverageSchema":"1a1c01bbd47fc00a2c39e90264f33305004495a9","hash":"8740a919dba364fcd2714e0527a2c302f8c5b5f6"}
,"/Users/brennan/Documents/Codesmith/group-scratch/find-a-roommate/server/controllers/cookieController.js": {"path":"/Users/brennan/Documents/Codesmith/group-scratch/find-a-roommate/server/controllers/cookieController.js","statementMap":{"0":{"start":{"line":3,"column":21},"end":{"line":3,"column":45}},"1":{"start":{"line":5,"column":25},"end":{"line":5,"column":27}},"2":{"start":{"line":9,"column":0},"end":{"line":16,"column":1}},"3":{"start":{"line":11,"column":2},"end":{"line":14,"column":4}},"4":{"start":{"line":15,"column":2},"end":{"line":15,"column":16}},"5":{"start":{"line":19,"column":0},"end":{"line":22,"column":1}},"6":{"start":{"line":20,"column":17},"end":{"line":20,"column":35}},"7":{"start":{"line":21,"column":2},"end":{"line":21,"column":16}},"8":{"start":{"line":25,"column":0},"end":{"line":36,"column":1}},"9":{"start":{"line":26,"column":2},"end":{"line":29,"column":6}},"10":{"start":{"line":30,"column":2},"end":{"line":34,"column":62}},"11":{"start":{"line":35,"column":2},"end":{"line":35,"column":15}},"12":{"start":{"line":38,"column":0},"end":{"line":38,"column":34}}},"fnMap":{"0":{"name":"(anonymous_0)","decl":{"start":{"line":9,"column":33},"end":{"line":9,"column":34}},"loc":{"start":{"line":9,"column":59},"end":{"line":16,"column":1}},"line":9},"1":{"name":"(anonymous_1)","decl":{"start":{"line":19,"column":29},"end":{"line":19,"column":30}},"loc":{"start":{"line":19,"column":55},"end":{"line":22,"column":1}},"line":19},"2":{"name":"(anonymous_2)","decl":{"start":{"line":25,"column":32},"end":{"line":25,"column":33}},"loc":{"start":{"line":25,"column":56},"end":{"line":36,"column":1}},"line":25}},"branchMap":{},"s":{"0":1,"1":1,"2":1,"3":1,"4":1,"5":1,"6":0,"7":0,"8":1,"9":0,"10":0,"11":0,"12":1},"f":{"0":1,"1":0,"2":0},"b":{},"_coverageSchema":"1a1c01bbd47fc00a2c39e90264f33305004495a9","hash":"552e754db46213361e3e9f4604ad330209d9e500"}
,"/Users/brennan/Documents/Codesmith/group-scratch/find-a-roommate/server/controllers/postController.js": {"path":"/Users/brennan/Documents/Codesmith/group-scratch/find-a-roommate/server/controllers/postController.js","statementMap":{"0":{"start":{"line":1,"column":17},"end":{"line":1,"column":36}},"1":{"start":{"line":2,"column":15},"end":{"line":2,"column":30}},"2":{"start":{"line":4,"column":13},"end":{"line":4,"column":39}},"3":{"start":{"line":6,"column":23},"end":{"line":6,"column":25}},"4":{"start":{"line":8,"column":0},"end":{"line":67,"column":2}},"5":{"start":{"line":9,"column":2},"end":{"line":66,"column":3}},"6":{"start":{"line":22,"column":8},"end":{"line":22,"column":16}},"7":{"start":{"line":23,"column":20},"end":{"line":58,"column":6}},"8":{"start":{"line":59,"column":4},"end":{"line":59,"column":35}},"9":{"start":{"line":60,"column":4},"end":{"line":60,"column":18}},"10":{"start":{"line":62,"column":4},"end":{"line":65,"column":6}},"11":{"start":{"line":71,"column":0},"end":{"line":91,"column":2}},"12":{"start":{"line":72,"column":2},"end":{"line":90,"column":5}},"13":{"start":{"line":74,"column":21},"end":{"line":74,"column":40}},"14":{"start":{"line":77,"column":24},"end":{"line":77,"column":79}},"15":{"start":{"line":83,"column":4},"end":{"line":83,"column":38}},"16":{"start":{"line":85,"column":4},"end":{"line":85,"column":18}},"17":{"start":{"line":87,"column":4},"end":{"line":90,"column":4}},"18":{"start":{"line":95,"column":0},"end":{"line":113,"column":1}},"19":{"start":{"line":96,"column":2},"end":{"line":112,"column":3}},"20":{"start":{"line":98,"column":21},"end":{"line":98,"column":40}},"21":{"start":{"line":101,"column":24},"end":{"line":101,"column":72}},"22":{"start":{"line":104,"column":4},"end":{"line":104,"column":42}},"23":{"start":{"line":106,"column":4},"end":{"line":106,"column":18}},"24":{"start":{"line":108,"column":4},"end":{"line":111,"column":6}},"25":{"start":{"line":117,"column":0},"end":{"line":171,"column":1}},"26":{"start":{"line":118,"column":2},"end":{"line":170,"column":3}},"27":{"start":{"line":119,"column":46},"end":{"line":119,"column":54}},"28":{"start":{"line":120,"column":15},"end":{"line":120,"column":29}},"29":{"start":{"line":122,"column":4},"end":{"line":122,"column":19}},"30":{"start":{"line":124,"column":25},"end":{"line":128,"column":5}},"31":{"start":{"line":130,"column":4},"end":{"line":130,"column":40}},"32":{"start":{"line":133,"column":22},"end":{"line":133,"column":54}},"33":{"start":{"line":135,"column":4},"end":{"line":141,"column":5}},"34":{"start":{"line":135,"column":17},"end":{"line":135,"column":18}},"35":{"start":{"line":136,"column":6},"end":{"line":140,"column":7}},"36":{"start":{"line":137,"column":8},"end":{"line":137,"column":55}},"37":{"start":{"line":138,"column":8},"end":{"line":138,"column":39}},"38":{"start":{"line":139,"column":8},"end":{"line":139,"column":22}},"39":{"start":{"line":158,"column":24},"end":{"line":161,"column":5}},"40":{"start":{"line":162,"column":4},"end":{"line":162,"column":44}},"41":{"start":{"line":163,"column":4},"end":{"line":163,"column":54}},"42":{"start":{"line":164,"column":4},"end":{"line":164,"column":18}},"43":{"start":{"line":166,"column":4},"end":{"line":169,"column":6}},"44":{"start":{"line":175,"column":0},"end":{"line":191,"column":1}},"45":{"start":{"line":177,"column":13},"end":{"line":177,"column":27}},"46":{"start":{"line":179,"column":2},"end":{"line":189,"column":3}},"47":{"start":{"line":180,"column":24},"end":{"line":180,"column":56}},"48":{"start":{"line":181,"column":4},"end":{"line":181,"column":43}},"49":{"start":{"line":182,"column":4},"end":{"line":182,"column":71}},"50":{"start":{"line":183,"column":4},"end":{"line":183,"column":18}},"51":{"start":{"line":185,"column":4},"end":{"line":188,"column":6}},"52":{"start":{"line":205,"column":0},"end":{"line":205,"column":32}}},"fnMap":{"0":{"name":"(anonymous_0)","decl":{"start":{"line":8,"column":28},"end":{"line":8,"column":29}},"loc":{"start":{"line":8,"column":54},"end":{"line":67,"column":1}},"line":8},"1":{"name":"(anonymous_1)","decl":{"start":{"line":71,"column":29},"end":{"line":71,"column":30}},"loc":{"start":{"line":71,"column":55},"end":{"line":91,"column":1}},"line":71},"2":{"name":"(anonymous_2)","decl":{"start":{"line":95,"column":33},"end":{"line":95,"column":34}},"loc":{"start":{"line":95,"column":59},"end":{"line":113,"column":1}},"line":95},"3":{"name":"(anonymous_3)","decl":{"start":{"line":117,"column":39},"end":{"line":117,"column":40}},"loc":{"start":{"line":117,"column":63},"end":{"line":171,"column":1}},"line":117},"4":{"name":"(anonymous_4)","decl":{"start":{"line":175,"column":28},"end":{"line":175,"column":29}},"loc":{"start":{"line":175,"column":54},"end":{"line":191,"column":1}},"line":175}},"branchMap":{"0":{"loc":{"start":{"line":136,"column":6},"end":{"line":140,"column":7}},"type":"if","locations":[{"start":{"line":136,"column":6},"end":{"line":140,"column":7}},{"start":{},"end":{}}],"line":136}},"s":{"0":1,"1":1,"2":1,"3":1,"4":1,"5":0,"6":0,"7":0,"8":0,"9":0,"10":0,"11":1,"12":0,"13":0,"14":0,"15":0,"16":0,"17":0,"18":1,"19":0,"20":0,"21":0,"22":0,"23":0,"24":0,"25":1,"26":0,"27":0,"28":0,"29":0,"30":0,"31":0,"32":0,"33":0,"34":0,"35":0,"36":0,"37":0,"38":0,"39":0,"40":0,"41":0,"42":0,"43":0,"44":1,"45":0,"46":0,"47":0,"48":0,"49":0,"50":0,"51":0,"52":1},"f":{"0":0,"1":0,"2":0,"3":0,"4":0},"b":{"0":[0,0]},"_coverageSchema":"1a1c01bbd47fc00a2c39e90264f33305004495a9","hash":"bb96635e4e88c168605a42ec221dd3eb6e653fcc"}
,"/Users/brennan/Documents/Codesmith/group-scratch/find-a-roommate/server/controllers/sessionController.js": {"path":"/Users/brennan/Documents/Codesmith/group-scratch/find-a-roommate/server/controllers/sessionController.js","statementMap":{"0":{"start":{"line":1,"column":21},"end":{"line":1,"column":45}},"1":{"start":{"line":2,"column":16},"end":{"line":2,"column":45}},"2":{"start":{"line":4,"column":26},"end":{"line":4,"column":28}},"3":{"start":{"line":6,"column":0},"end":{"line":30,"column":2}},"4":{"start":{"line":7,"column":2},"end":{"line":29,"column":3}},"5":{"start":{"line":9,"column":21},"end":{"line":9,"column":32}},"6":{"start":{"line":13,"column":21},"end":{"line":13,"column":62}},"7":{"start":{"line":18,"column":4},"end":{"line":22,"column":5}},"8":{"start":{"line":19,"column":8},"end":{"line":19,"column":31}},"9":{"start":{"line":21,"column":8},"end":{"line":21,"column":22}},"10":{"start":{"line":24,"column":4},"end":{"line":27,"column":6}},"11":{"start":{"line":32,"column":0},"end":{"line":45,"column":2}},"12":{"start":{"line":33,"column":2},"end":{"line":44,"column":3}},"13":{"start":{"line":35,"column":15},"end":{"line":35,"column":45}},"14":{"start":{"line":37,"column":4},"end":{"line":37,"column":43}},"15":{"start":{"line":38,"column":4},"end":{"line":38,"column":18}},"16":{"start":{"line":40,"column":4},"end":{"line":43,"column":6}},"17":{"start":{"line":47,"column":0},"end":{"line":47,"column":35}}},"fnMap":{"0":{"name":"(anonymous_0)","decl":{"start":{"line":6,"column":31},"end":{"line":6,"column":32}},"loc":{"start":{"line":6,"column":57},"end":{"line":30,"column":1}},"line":6},"1":{"name":"(anonymous_1)","decl":{"start":{"line":32,"column":33},"end":{"line":32,"column":34}},"loc":{"start":{"line":32,"column":59},"end":{"line":45,"column":1}},"line":32}},"branchMap":{"0":{"loc":{"start":{"line":18,"column":4},"end":{"line":22,"column":5}},"type":"if","locations":[{"start":{"line":18,"column":4},"end":{"line":22,"column":5}},{"start":{"line":20,"column":11},"end":{"line":22,"column":5}}],"line":18}},"s":{"0":1,"1":1,"2":1,"3":1,"4":0,"5":0,"6":0,"7":0,"8":0,"9":0,"10":0,"11":1,"12":1,"13":1,"14":1,"15":1,"16":0,"17":1},"f":{"0":0,"1":1},"b":{"0":[0,0]},"_coverageSchema":"1a1c01bbd47fc00a2c39e90264f33305004495a9","hash":"4c520df2fe8a7d717ebe67aac816dab9cbeed984"}
,"/Users/brennan/Documents/Codesmith/group-scratch/find-a-roommate/server/controllers/userController.js": {"path":"/Users/brennan/Documents/Codesmith/group-scratch/find-a-roommate/server/controllers/userController.js","statementMap":{"0":{"start":{"line":2,"column":15},"end":{"line":2,"column":34}},"1":{"start":{"line":4,"column":13},"end":{"line":4,"column":39}},"2":{"start":{"line":6,"column":23},"end":{"line":6,"column":25}},"3":{"start":{"line":9,"column":0},"end":{"line":41,"column":2}},"4":{"start":{"line":10,"column":2},"end":{"line":40,"column":3}},"5":{"start":{"line":11,"column":65},"end":{"line":11,"column":73}},"6":{"start":{"line":14,"column":4},"end":{"line":19,"column":5}},"7":{"start":{"line":15,"column":6},"end":{"line":18,"column":8}},"8":{"start":{"line":21,"column":20},"end":{"line":21,"column":60}},"9":{"start":{"line":23,"column":4},"end":{"line":26,"column":5}},"10":{"start":{"line":24,"column":6},"end":{"line":24,"column":29}},"11":{"start":{"line":25,"column":6},"end":{"line":25,"column":20}},"12":{"start":{"line":29,"column":24},"end":{"line":29,"column":95}},"13":{"start":{"line":32,"column":4},"end":{"line":32,"column":34}},"14":{"start":{"line":33,"column":4},"end":{"line":33,"column":18}},"15":{"start":{"line":36,"column":4},"end":{"line":39,"column":6}},"16":{"start":{"line":44,"column":0},"end":{"line":77,"column":2}},"17":{"start":{"line":45,"column":2},"end":{"line":76,"column":3}},"18":{"start":{"line":46,"column":35},"end":{"line":46,"column":43}},"19":{"start":{"line":49,"column":4},"end":{"line":49,"column":78}},"20":{"start":{"line":49,"column":32},"end":{"line":49,"column":78}},"21":{"start":{"line":52,"column":24},"end":{"line":52,"column":66}},"22":{"start":{"line":55,"column":24},"end":{"line":55,"column":76}},"23":{"start":{"line":59,"column":4},"end":{"line":69,"column":5}},"24":{"start":{"line":60,"column":6},"end":{"line":60,"column":29}},"25":{"start":{"line":61,"column":6},"end":{"line":64,"column":8}},"26":{"start":{"line":67,"column":6},"end":{"line":67,"column":36}},"27":{"start":{"line":68,"column":6},"end":{"line":68,"column":20}},"28":{"start":{"line":72,"column":4},"end":{"line":75,"column":6}},"29":{"start":{"line":79,"column":0},"end":{"line":90,"column":1}},"30":{"start":{"line":80,"column":2},"end":{"line":89,"column":3}},"31":{"start":{"line":81,"column":17},"end":{"line":81,"column":36}},"32":{"start":{"line":82,"column":4},"end":{"line":82,"column":18}},"33":{"start":{"line":85,"column":4},"end":{"line":88,"column":6}},"34":{"start":{"line":92,"column":0},"end":{"line":92,"column":32}}},"fnMap":{"0":{"name":"(anonymous_0)","decl":{"start":{"line":9,"column":28},"end":{"line":9,"column":29}},"loc":{"start":{"line":9,"column":54},"end":{"line":41,"column":1}},"line":9},"1":{"name":"(anonymous_1)","decl":{"start":{"line":44,"column":28},"end":{"line":44,"column":29}},"loc":{"start":{"line":44,"column":54},"end":{"line":77,"column":1}},"line":44},"2":{"name":"(anonymous_2)","decl":{"start":{"line":79,"column":26},"end":{"line":79,"column":27}},"loc":{"start":{"line":79,"column":52},"end":{"line":90,"column":1}},"line":79}},"branchMap":{"0":{"loc":{"start":{"line":14,"column":4},"end":{"line":19,"column":5}},"type":"if","locations":[{"start":{"line":14,"column":4},"end":{"line":19,"column":5}},{"start":{},"end":{}}],"line":14},"1":{"loc":{"start":{"line":14,"column":8},"end":{"line":14,"column":30}},"type":"binary-expr","locations":[{"start":{"line":14,"column":8},"end":{"line":14,"column":17}},{"start":{"line":14,"column":21},"end":{"line":14,"column":30}}],"line":14},"2":{"loc":{"start":{"line":23,"column":4},"end":{"line":26,"column":5}},"type":"if","locations":[{"start":{"line":23,"column":4},"end":{"line":26,"column":5}},{"start":{},"end":{}}],"line":23},"3":{"loc":{"start":{"line":49,"column":4},"end":{"line":49,"column":78}},"type":"if","locations":[{"start":{"line":49,"column":4},"end":{"line":49,"column":78}},{"start":{},"end":{}}],"line":49},"4":{"loc":{"start":{"line":49,"column":8},"end":{"line":49,"column":30}},"type":"binary-expr","locations":[{"start":{"line":49,"column":8},"end":{"line":49,"column":17}},{"start":{"line":49,"column":21},"end":{"line":49,"column":30}}],"line":49},"5":{"loc":{"start":{"line":59,"column":4},"end":{"line":69,"column":5}},"type":"if","locations":[{"start":{"line":59,"column":4},"end":{"line":69,"column":5}},{"start":{"line":65,"column":11},"end":{"line":69,"column":5}}],"line":59},"6":{"loc":{"start":{"line":59,"column":8},"end":{"line":59,"column":36}},"type":"binary-expr","locations":[{"start":{"line":59,"column":8},"end":{"line":59,"column":20}},{"start":{"line":59,"column":24},"end":{"line":59,"column":36}}],"line":59}},"s":{"0":1,"1":1,"2":1,"3":1,"4":1,"5":1,"6":1,"7":0,"8":1,"9":1,"10":1,"11":1,"12":0,"13":0,"14":0,"15":0,"16":1,"17":1,"18":1,"19":1,"20":0,"21":1,"22":1,"23":1,"24":0,"25":0,"26":1,"27":1,"28":0,"29":1,"30":0,"31":0,"32":0,"33":0,"34":1},"f":{"0":1,"1":1,"2":0},"b":{"0":[0,1],"1":[1,1],"2":[1,0],"3":[0,1],"4":[1,1],"5":[0,1],"6":[1,1]},"_coverageSchema":"1a1c01bbd47fc00a2c39e90264f33305004495a9","hash":"1a4be81bab901dedeb04790a51246f91d0b07715"}
,"/Users/brennan/Documents/Codesmith/group-scratch/find-a-roommate/server/db/postModel.js": {"path":"/Users/brennan/Documents/Codesmith/group-scratch/find-a-roommate/server/db/postModel.js","statementMap":{"0":{"start":{"line":1,"column":17},"end":{"line":1,"column":36}},"1":{"start":{"line":2,"column":15},"end":{"line":2,"column":30}},"2":{"start":{"line":4,"column":13},"end":{"line":40,"column":2}},"3":{"start":{"line":42,"column":13},"end":{"line":42,"column":41}},"4":{"start":{"line":44,"column":0},"end":{"line":44,"column":22}}},"fnMap":{},"branchMap":{},"s":{"0":1,"1":1,"2":1,"3":1,"4":1},"f":{},"b":{},"_coverageSchema":"1a1c01bbd47fc00a2c39e90264f33305004495a9","hash":"04c1ca429dd2b1c7097b805c13ab476061fa7d19"}
,"/Users/brennan/Documents/Codesmith/group-scratch/find-a-roommate/server/db/sessionModel.js": {"path":"/Users/brennan/Documents/Codesmith/group-scratch/find-a-roommate/server/db/sessionModel.js","statementMap":{"0":{"start":{"line":1,"column":17},"end":{"line":1,"column":36}},"1":{"start":{"line":2,"column":15},"end":{"line":2,"column":30}},"2":{"start":{"line":4,"column":22},"end":{"line":7,"column":2}},"3":{"start":{"line":9,"column":0},"end":{"line":9,"column":57}}},"fnMap":{},"branchMap":{},"s":{"0":1,"1":1,"2":1,"3":1},"f":{},"b":{},"_coverageSchema":"1a1c01bbd47fc00a2c39e90264f33305004495a9","hash":"40ed0c09164a52ec833bf6611c87ae724095faac"}
,"/Users/brennan/Documents/Codesmith/group-scratch/find-a-roommate/server/db/userModel.js": {"path":"/Users/brennan/Documents/Codesmith/group-scratch/find-a-roommate/server/db/userModel.js","statementMap":{"0":{"start":{"line":1,"column":17},"end":{"line":1,"column":36}},"1":{"start":{"line":2,"column":15},"end":{"line":2,"column":30}},"2":{"start":{"line":5,"column":15},"end":{"line":5,"column":34}},"3":{"start":{"line":6,"column":20},"end":{"line":6,"column":22}},"4":{"start":{"line":8,"column":13},"end":{"line":14,"column":2}},"5":{"start":{"line":18,"column":0},"end":{"line":27,"column":3}},"6":{"start":{"line":19,"column":15},"end":{"line":19,"column":19}},"7":{"start":{"line":22,"column":2},"end":{"line":26,"column":4}},"8":{"start":{"line":23,"column":4},"end":{"line":23,"column":30}},"9":{"start":{"line":23,"column":13},"end":{"line":23,"column":30}},"10":{"start":{"line":24,"column":4},"end":{"line":24,"column":25}},"11":{"start":{"line":25,"column":4},"end":{"line":25,"column":18}},"12":{"start":{"line":29,"column":13},"end":{"line":29,"column":41}},"13":{"start":{"line":31,"column":0},"end":{"line":31,"column":22}}},"fnMap":{"0":{"name":"(anonymous_0)","decl":{"start":{"line":18,"column":17},"end":{"line":18,"column":18}},"loc":{"start":{"line":18,"column":31},"end":{"line":27,"column":1}},"line":18},"1":{"name":"(anonymous_1)","decl":{"start":{"line":22,"column":42},"end":{"line":22,"column":43}},"loc":{"start":{"line":22,"column":57},"end":{"line":26,"column":3}},"line":22}},"branchMap":{"0":{"loc":{"start":{"line":23,"column":4},"end":{"line":23,"column":30}},"type":"if","locations":[{"start":{"line":23,"column":4},"end":{"line":23,"column":30}},{"start":{},"end":{}}],"line":23}},"s":{"0":1,"1":1,"2":1,"3":1,"4":1,"5":1,"6":0,"7":0,"8":0,"9":0,"10":0,"11":0,"12":1,"13":1},"f":{"0":0,"1":0},"b":{"0":[0,0]},"_coverageSchema":"1a1c01bbd47fc00a2c39e90264f33305004495a9","hash":"90d279e729ced23a856c6845d7b0fe1eb9a9992a"}
,"/Users/brennan/Documents/Codesmith/group-scratch/find-a-roommate/server/routes/userroutes.js": {"path":"/Users/brennan/Documents/Codesmith/group-scratch/find-a-roommate/server/routes/userroutes.js","statementMap":{"0":{"start":{"line":2,"column":16},"end":{"line":2,"column":34}},"1":{"start":{"line":3,"column":15},"end":{"line":3,"column":31}},"2":{"start":{"line":6,"column":23},"end":{"line":6,"column":63}},"3":{"start":{"line":7,"column":23},"end":{"line":7,"column":63}},"4":{"start":{"line":8,"column":25},"end":{"line":8,"column":67}},"5":{"start":{"line":9,"column":26},"end":{"line":9,"column":69}},"6":{"start":{"line":13,"column":0},"end":{"line":17,"column":2}},"7":{"start":{"line":16,"column":4},"end":{"line":16,"column":48}},"8":{"start":{"line":21,"column":0},"end":{"line":27,"column":2}},"9":{"start":{"line":26,"column":4},"end":{"line":26,"column":49}},"10":{"start":{"line":30,"column":0},"end":{"line":34,"column":3}},"11":{"start":{"line":33,"column":4},"end":{"line":33,"column":53}},"12":{"start":{"line":37,"column":0},"end":{"line":41,"column":2}},"13":{"start":{"line":40,"column":4},"end":{"line":40,"column":56}},"14":{"start":{"line":43,"column":0},"end":{"line":48,"column":3}},"15":{"start":{"line":47,"column":4},"end":{"line":47,"column":36}},"16":{"start":{"line":51,"column":0},"end":{"line":55,"column":3}},"17":{"start":{"line":54,"column":4},"end":{"line":54,"column":54}},"18":{"start":{"line":57,"column":0},"end":{"line":61,"column":3}},"19":{"start":{"line":60,"column":4},"end":{"line":60,"column":35}},"20":{"start":{"line":63,"column":0},"end":{"line":67,"column":3}},"21":{"start":{"line":66,"column":4},"end":{"line":66,"column":56}},"22":{"start":{"line":69,"column":0},"end":{"line":73,"column":3}},"23":{"start":{"line":72,"column":4},"end":{"line":72,"column":58}},"24":{"start":{"line":76,"column":0},"end":{"line":80,"column":3}},"25":{"start":{"line":79,"column":4},"end":{"line":79,"column":35}},"26":{"start":{"line":82,"column":0},"end":{"line":82,"column":24}}},"fnMap":{"0":{"name":"(anonymous_0)","decl":{"start":{"line":15,"column":2},"end":{"line":15,"column":3}},"loc":{"start":{"line":15,"column":16},"end":{"line":17,"column":1}},"line":15},"1":{"name":"(anonymous_1)","decl":{"start":{"line":25,"column":2},"end":{"line":25,"column":3}},"loc":{"start":{"line":25,"column":16},"end":{"line":27,"column":1}},"line":25},"2":{"name":"(anonymous_2)","decl":{"start":{"line":32,"column":2},"end":{"line":32,"column":3}},"loc":{"start":{"line":32,"column":16},"end":{"line":34,"column":1}},"line":32},"3":{"name":"(anonymous_3)","decl":{"start":{"line":39,"column":2},"end":{"line":39,"column":3}},"loc":{"start":{"line":39,"column":16},"end":{"line":41,"column":1}},"line":39},"4":{"name":"(anonymous_4)","decl":{"start":{"line":45,"column":2},"end":{"line":45,"column":3}},"loc":{"start":{"line":45,"column":16},"end":{"line":48,"column":1}},"line":45},"5":{"name":"(anonymous_5)","decl":{"start":{"line":53,"column":2},"end":{"line":53,"column":3}},"loc":{"start":{"line":53,"column":15},"end":{"line":55,"column":1}},"line":53},"6":{"name":"(anonymous_6)","decl":{"start":{"line":59,"column":2},"end":{"line":59,"column":3}},"loc":{"start":{"line":59,"column":16},"end":{"line":61,"column":1}},"line":59},"7":{"name":"(anonymous_7)","decl":{"start":{"line":65,"column":2},"end":{"line":65,"column":3}},"loc":{"start":{"line":65,"column":15},"end":{"line":67,"column":1}},"line":65},"8":{"name":"(anonymous_8)","decl":{"start":{"line":71,"column":2},"end":{"line":71,"column":3}},"loc":{"start":{"line":71,"column":16},"end":{"line":73,"column":1}},"line":71},"9":{"name":"(anonymous_9)","decl":{"start":{"line":78,"column":2},"end":{"line":78,"column":3}},"loc":{"start":{"line":78,"column":15},"end":{"line":80,"column":1}},"line":78}},"branchMap":{},"s":{"0":1,"1":1,"2":1,"3":1,"4":1,"5":1,"6":1,"7":1,"8":1,"9":1,"10":1,"11":0,"12":1,"13":0,"14":1,"15":0,"16":1,"17":0,"18":1,"19":0,"20":1,"21":0,"22":1,"23":0,"24":1,"25":0,"26":1},"f":{"0":1,"1":1,"2":0,"3":0,"4":0,"5":0,"6":0,"7":0,"8":0,"9":0},"b":{},"_coverageSchema":"1a1c01bbd47fc00a2c39e90264f33305004495a9","hash":"6692748b7f85f6c416cbe818bf6d1403383c6a44"}
}
