TN:
SF:server/server.js
FN:26,(anonymous_0)
FN:44,(anonymous_1)
FN:58,(anonymous_2)
FN:61,(anonymous_3)
FN:68,(anonymous_4)
FN:71,(anonymous_5)
FN:82,(anonymous_6)
FNF:7
FNH:3
FNDA:1,(anonymous_0)
FNDA:0,(anonymous_1)
FNDA:1,(anonymous_2)
FNDA:0,(anonymous_3)
FNDA:0,(anonymous_4)
FNDA:0,(anonymous_5)
FNDA:1,(anonymous_6)
DA:2,1
DA:3,1
DA:4,1
DA:5,1
DA:6,1
DA:7,1
DA:8,1
DA:10,1
DA:11,1
DA:13,1
DA:14,1
DA:15,1
DA:16,1
DA:19,1
DA:20,1
DA:26,1
DA:30,1
DA:37,1
DA:39,1
DA:40,1
DA:42,1
DA:44,1
DA:45,0
DA:51,1
DA:52,1
DA:53,1
DA:59,1
DA:62,0
DA:63,0
DA:68,1
DA:71,1
DA:72,0
DA:77,0
DA:78,0
DA:79,0
DA:82,1
DA:83,1
DA:86,1
LF:38
LH:31
BRDA:11,0,0,1
BRDA:11,0,1,1
BRF:2
BRH:2
end_of_record
TN:
SF:server/config/passport.js
FN:4,googleAuth
FN:10,(anonymous_1)
FN:14,(anonymous_2)
FN:18,(anonymous_3)
FN:19,(anonymous_4)
FNF:5
FNH:1
FNDA:1,googleAuth
FNDA:0,(anonymous_1)
FNDA:0,(anonymous_2)
FNDA:0,(anonymous_3)
FNDA:0,(anonymous_4)
DA:1,1
DA:2,1
DA:5,1
DA:11,0
DA:14,1
DA:15,0
DA:18,1
DA:19,0
DA:23,1
LF:9
LH:6
BRF:0
BRH:0
end_of_record
TN:
SF:server/controllers/cookieController.js
FN:8,(anonymous_0)
FN:17,(anonymous_1)
FN:24,(anonymous_2)
FNF:3
FNH:1
FNDA:1,(anonymous_0)
FNDA:0,(anonymous_1)
FNDA:0,(anonymous_2)
DA:1,1
DA:3,1
DA:8,1
DA:10,1
DA:14,1
DA:17,1
DA:18,0
DA:19,0
DA:20,0
DA:24,1
DA:25,0
DA:26,0
DA:35,0
DA:38,1
LF:14
LH:8
BRF:0
BRH:0
end_of_record
TN:
SF:server/controllers/postController.js
FN:8,(anonymous_0)
FN:71,(anonymous_1)
FN:95,(anonymous_2)
FN:117,(anonymous_3)
FN:175,(anonymous_4)
FNF:5
FNH:0
FNDA:0,(anonymous_0)
FNDA:0,(anonymous_1)
FNDA:0,(anonymous_2)
FNDA:0,(anonymous_3)
FNDA:0,(anonymous_4)
DA:1,1
DA:2,1
DA:4,1
DA:6,1
DA:8,1
DA:9,0
DA:22,0
DA:23,0
DA:59,0
DA:60,0
DA:62,0
DA:71,1
DA:72,0
DA:74,0
DA:77,0
DA:83,0
DA:85,0
DA:87,0
DA:95,1
DA:96,0
DA:98,0
DA:101,0
DA:104,0
DA:106,0
DA:108,0
DA:117,1
DA:118,0
DA:119,0
DA:120,0
DA:122,0
DA:124,0
DA:130,0
DA:133,0
DA:135,0
DA:136,0
DA:137,0
DA:138,0
DA:139,0
DA:158,0
DA:162,0
DA:163,0
DA:164,0
DA:166,0
DA:175,1
DA:177,0
DA:179,0
DA:180,0
DA:181,0
DA:182,0
DA:183,0
DA:185,0
DA:205,1
LF:52
LH:10
BRDA:136,0,0,0
BRDA:136,0,1,0
BRF:2
BRH:0
end_of_record
TN:
SF:server/controllers/sessionController.js
FN:6,(anonymous_0)
FN:32,(anonymous_1)
FNF:2
FNH:1
FNDA:0,(anonymous_0)
FNDA:1,(anonymous_1)
DA:1,1
DA:2,1
DA:4,1
DA:6,1
DA:7,0
DA:9,0
DA:13,0
DA:18,0
DA:19,0
DA:21,0
DA:24,0
DA:32,1
DA:33,1
DA:35,1
DA:37,1
DA:38,1
DA:40,0
DA:47,1
LF:18
LH:10
BRDA:18,0,0,0
BRDA:18,0,1,0
BRF:2
BRH:0
end_of_record
TN:
SF:server/controllers/userController.js
FN:9,(anonymous_0)
FN:44,(anonymous_1)
FN:80,(anonymous_2)
FNF:3
FNH:1
FNDA:0,(anonymous_0)
FNDA:1,(anonymous_1)
FNDA:0,(anonymous_2)
DA:2,1
DA:4,1
DA:6,1
DA:9,1
DA:10,0
DA:11,0
DA:14,0
DA:15,0
DA:21,0
DA:23,0
DA:24,0
DA:25,0
DA:29,0
DA:32,0
DA:33,0
DA:36,0
DA:44,1
DA:45,1
DA:46,1
DA:49,1
DA:52,1
DA:55,1
DA:59,1
DA:60,0
DA:61,0
DA:62,0
DA:68,1
DA:69,1
DA:73,0
DA:80,1
DA:81,0
DA:82,0
DA:83,0
DA:84,0
DA:87,0
DA:94,1
LF:36
LH:15
BRDA:14,0,0,0
BRDA:14,0,1,0
BRDA:14,1,0,0
BRDA:14,1,1,0
BRDA:23,2,0,0
BRDA:23,2,1,0
BRDA:49,3,0,0
BRDA:49,3,1,1
BRDA:49,4,0,1
BRDA:49,4,1,1
BRDA:59,5,0,0
BRDA:59,5,1,1
BRDA:59,6,0,1
BRDA:59,6,1,1
BRF:14
BRH:6
end_of_record
TN:
SF:server/db/postModel.js
FNF:0
FNH:0
DA:1,1
DA:2,1
DA:4,1
DA:42,1
DA:44,1
LF:5
LH:5
BRF:0
BRH:0
end_of_record
TN:
SF:server/db/sessionModel.js
FNF:0
FNH:0
DA:1,1
DA:2,1
DA:4,1
DA:9,1
LF:4
LH:4
BRF:0
BRH:0
end_of_record
TN:
SF:server/db/userModel.js
FN:18,(anonymous_0)
FN:22,(anonymous_1)
FNF:2
FNH:0
FNDA:0,(anonymous_0)
FNDA:0,(anonymous_1)
DA:1,1
DA:2,1
DA:5,1
DA:6,1
DA:8,1
DA:18,1
DA:19,0
DA:22,0
DA:23,0
DA:24,0
DA:25,0
DA:29,1
DA:31,1
LF:13
LH:8
BRDA:23,0,0,0
BRDA:23,0,1,0
BRF:2
BRH:0
end_of_record
TN:
SF:server/routes/userroutes.js
FN:15,(anonymous_0)
FN:25,(anonymous_1)
FN:30,(anonymous_2)
FN:35,(anonymous_3)
FN:39,(anonymous_4)
FN:45,(anonymous_5)
FN:50,(anonymous_6)
FN:54,(anonymous_7)
FN:58,(anonymous_8)
FN:63,(anonymous_9)
FNF:10
FNH:1
FNDA:0,(anonymous_0)
FNDA:1,(anonymous_1)
FNDA:0,(anonymous_2)
FNDA:0,(anonymous_3)
FNDA:0,(anonymous_4)
FNDA:0,(anonymous_5)
FNDA:0,(anonymous_6)
FNDA:0,(anonymous_7)
FNDA:0,(anonymous_8)
FNDA:0,(anonymous_9)
DA:2,1
DA:3,1
DA:6,1
DA:7,1
DA:8,1
DA:9,1
DA:13,1
DA:16,0
DA:21,1
DA:26,1
DA:30,1
DA:31,0
DA:35,1
DA:36,0
DA:39,1
DA:41,0
DA:45,1
DA:46,0
DA:47,0
DA:50,1
DA:51,0
DA:54,1
DA:55,0
DA:58,1
DA:59,0
DA:63,1
DA:64,0
DA:67,1
LF:28
LH:18
BRF:0
BRH:0
end_of_record
